<?xml version="1.0" encoding="UTF-8"?>
<!-- Generated by org.testng.reporters.JUnitReportReporter -->
<testsuite hostname="DESKTOP-MMML4MB" failures="0" tests="5" name="smokeTest" time="51.521" errors="0" timestamp="2022-05-02T14:26:14 IST" skipped="0">
  <testcase classname="smokeTest" name="verifyPageNav" time="6.529"/>
  <system-out/>
  <testcase classname="smokeTest" name="verifySearchBoxActive" time="12.352"/>
  <system-out/>
  <testcase classname="smokeTest" name="verifyInuqiryFrmNav" time="7.804"/>
  <system-out/>
  <testcase classname="smokeTest" name="verifySideBar" time="16.956"/>
  <system-out/>
  <testcase classname="smokeTest" name="verifySigninForm" time="7.880"/>
  <system-out/>
</testsuite> <!-- smokeTest -->
