<?xml version="1.0" encoding="UTF-8"?>
<!-- Generated by org.testng.reporters.JUnitReportReporter -->
<testsuite hostname="DESKTOP-MMML4MB" failures="0" tests="4" name="regressionTest" time="76.447" errors="0" timestamp="2022-05-03T15:37:34 IST" skipped="0">
  <testcase classname="regressionTest" name="verifyUserLogin" time="27.593"/>
  <system-out/>
  <testcase classname="regressionTest" name="verifyItemAdded" time="14.942"/>
  <system-out/>
  <testcase classname="regressionTest" name="verifyInquiry" time="10.318"/>
  <system-out/>
  <testcase classname="regressionTest" name="verifyStoreLocate" time="23.594"/>
  <system-out/>
</testsuite> <!-- regressionTest -->
