<?xml version="1.0" encoding="UTF-8"?>
<!-- Generated by org.testng.reporters.JUnitReportReporter -->
<testsuite hostname="DESKTOP-MMML4MB" failures="0" tests="5" name="smokeTest" time="50.589" errors="0" timestamp="2022-05-02T17:24:56 IST" skipped="0">
  <testcase classname="smokeTest" name="verifyPageNav" time="6.540"/>
  <system-out/>
  <testcase classname="smokeTest" name="verifySearchBoxActive" time="12.346"/>
  <system-out/>
  <testcase classname="smokeTest" name="verifyInuqiryFrmNav" time="6.973"/>
  <system-out/>
  <testcase classname="smokeTest" name="verifySideBar" time="16.716"/>
  <system-out/>
  <testcase classname="smokeTest" name="verifySigninForm" time="8.014"/>
  <system-out/>
</testsuite> <!-- smokeTest -->
