<?xml version="1.0" encoding="UTF-8"?>
<!-- Generated by org.testng.reporters.JUnitReportReporter -->
<testsuite hostname="DESKTOP-MMML4MB" failures="0" tests="5" name="smokeTest" time="60.620" errors="0" timestamp="2022-05-03T19:12:42 IST" skipped="0">
  <testcase classname="smokeTest" name="verifyPageNav" time="7.017"/>
  <system-out/>
  <testcase classname="smokeTest" name="verifySearchBoxActive" time="22.547"/>
  <system-out/>
  <testcase classname="smokeTest" name="verifyInuqiryFrmNav" time="7.119"/>
  <system-out/>
  <testcase classname="smokeTest" name="verifySideBar" time="16.954"/>
  <system-out/>
  <testcase classname="smokeTest" name="verifySigninForm" time="6.983"/>
  <system-out/>
</testsuite> <!-- smokeTest -->
